[     454ms] [ERROR] Error handled by React Router default ErrorBoundary: TypeError: Cannot read properties of undefined (reading 'map')
    at AppShell (http://localhost:3003/src/shell/components/AppShell.tsx:54:146)
    at Object.react_stack_bottom_frame (http://localhost:3003/node_modules/.vite/deps/react-dom_client.js?v=f1ab6d3d:18509:20)
    at renderWithHooks (http://localhost:3003/node_modules/.vite/deps/react-dom_client.js?v=f1ab6d3d:5654:24)
    at updateFunctionComponent (http://localhost:3003/node_modules/.vite/deps/react-dom_client.js?v=f1ab6d3d:7475:21)
    at beginWork (http://localhost:3003/node_modules/.vite/deps/react-dom_client.js?v=f1ab6d3d:8525:20)
    at runWithFiberInDEV (http://localhost:3003/node_modules/.vite/deps/react-dom_client.js?v=f1ab6d3d:997:72)
    at performUnitOfWork (http://localhost:3003/node_modules/.vite/deps/react-dom_client.js?v=f1ab6d3d:12561:98)
    at workLoopConcurrentByScheduler (http://localhost:3003/node_modules/.vite/deps/react-dom_client.js?v=f1ab6d3d:12557:11)
    at renderRootConcurrent (http://localhost:3003/node_modules/.vite/deps/react-dom_client.js?v=f1ab6d3d:12539:71)
    at performWorkOnRoot (http://localhost:3003/node_modules/.vite/deps/react-dom_client.js?v=f1ab6d3d:11766:152) @ http://localhost:3003/node_modules/.vite/deps/react-router-dom.js?v=f1ab6d3d:6036
[     454ms] [ERROR] Error handled by React Router default ErrorBoundary: TypeError: Cannot read properties of undefined (reading 'map')
    at AppShell (http://localhost:3003/src/shell/components/AppShell.tsx:54:146)
    at Object.react_stack_bottom_frame (http://localhost:3003/node_modules/.vite/deps/react-dom_client.js?v=f1ab6d3d:18509:20)
    at renderWithHooks (http://localhost:3003/node_modules/.vite/deps/react-dom_client.js?v=f1ab6d3d:5654:24)
    at updateFunctionComponent (http://localhost:3003/node_modules/.vite/deps/react-dom_client.js?v=f1ab6d3d:7475:21)
    at beginWork (http://localhost:3003/node_modules/.vite/deps/react-dom_client.js?v=f1ab6d3d:8525:20)
    at runWithFiberInDEV (http://localhost:3003/node_modules/.vite/deps/react-dom_client.js?v=f1ab6d3d:997:72)
    at performUnitOfWork (http://localhost:3003/node_modules/.vite/deps/react-dom_client.js?v=f1ab6d3d:12561:98)
    at workLoopConcurrentByScheduler (http://localhost:3003/node_modules/.vite/deps/react-dom_client.js?v=f1ab6d3d:12557:11)
    at renderRootConcurrent (http://localhost:3003/node_modules/.vite/deps/react-dom_client.js?v=f1ab6d3d:12539:71)
    at performWorkOnRoot (http://localhost:3003/node_modules/.vite/deps/react-dom_client.js?v=f1ab6d3d:11766:152) @ http://localhost:3003/node_modules/.vite/deps/react-router-dom.js?v=f1ab6d3d:6036
[     456ms] [ERROR] Error handled by React Router default ErrorBoundary: TypeError: Cannot read properties of undefined (reading 'map')
    at AppShell (http://localhost:3003/src/shell/components/AppShell.tsx:54:146)
    at Object.react_stack_bottom_frame (http://localhost:3003/node_modules/.vite/deps/react-dom_client.js?v=f1ab6d3d:18509:20)
    at renderWithHooks (http://localhost:3003/node_modules/.vite/deps/react-dom_client.js?v=f1ab6d3d:5654:24)
    at updateFunctionComponent (http://localhost:3003/node_modules/.vite/deps/react-dom_client.js?v=f1ab6d3d:7475:21)
    at beginWork (http://localhost:3003/node_modules/.vite/deps/react-dom_client.js?v=f1ab6d3d:8525:20)
    at runWithFiberInDEV (http://localhost:3003/node_modules/.vite/deps/react-dom_client.js?v=f1ab6d3d:997:72)
    at performUnitOfWork (http://localhost:3003/node_modules/.vite/deps/react-dom_client.js?v=f1ab6d3d:12561:98)
    at workLoopSync (http://localhost:3003/node_modules/.vite/deps/react-dom_client.js?v=f1ab6d3d:12424:43)
    at renderRootSync (http://localhost:3003/node_modules/.vite/deps/react-dom_client.js?v=f1ab6d3d:12408:13)
    at performWorkOnRoot (http://localhost:3003/node_modules/.vite/deps/react-dom_client.js?v=f1ab6d3d:11827:37) @ http://localhost:3003/node_modules/.vite/deps/react-router-dom.js?v=f1ab6d3d:6036
[     457ms] [ERROR] Error handled by React Router default ErrorBoundary: TypeError: Cannot read properties of undefined (reading 'map')
    at AppShell (http://localhost:3003/src/shell/components/AppShell.tsx:54:146)
    at Object.react_stack_bottom_frame (http://localhost:3003/node_modules/.vite/deps/react-dom_client.js?v=f1ab6d3d:18509:20)
    at renderWithHooks (http://localhost:3003/node_modules/.vite/deps/react-dom_client.js?v=f1ab6d3d:5654:24)
    at updateFunctionComponent (http://localhost:3003/node_modules/.vite/deps/react-dom_client.js?v=f1ab6d3d:7475:21)
    at beginWork (http://localhost:3003/node_modules/.vite/deps/react-dom_client.js?v=f1ab6d3d:8525:20)
    at runWithFiberInDEV (http://localhost:3003/node_modules/.vite/deps/react-dom_client.js?v=f1ab6d3d:997:72)
    at performUnitOfWork (http://localhost:3003/node_modules/.vite/deps/react-dom_client.js?v=f1ab6d3d:12561:98)
    at workLoopSync (http://localhost:3003/node_modules/.vite/deps/react-dom_client.js?v=f1ab6d3d:12424:43)
    at renderRootSync (http://localhost:3003/node_modules/.vite/deps/react-dom_client.js?v=f1ab6d3d:12408:13)
    at performWorkOnRoot (http://localhost:3003/node_modules/.vite/deps/react-dom_client.js?v=f1ab6d3d:11827:37) @ http://localhost:3003/node_modules/.vite/deps/react-router-dom.js?v=f1ab6d3d:6036
[     737ms] [ERROR] %o

%s

%s
 TypeError: Cannot read properties of undefined (reading 'map')
    at AppShell (http://localhost:3003/src/shell/components/AppShell.tsx:54:146)
    at Object.react_stack_bottom_frame (http://localhost:3003/node_modules/.vite/deps/react-dom_client.js?v=f1ab6d3d:18509:20)
    at renderWithHooks (http://localhost:3003/node_modules/.vite/deps/react-dom_client.js?v=f1ab6d3d:5654:24)
    at updateFunctionComponent (http://localhost:3003/node_modules/.vite/deps/react-dom_client.js?v=f1ab6d3d:7475:21)
    at beginWork (http://localhost:3003/node_modules/.vite/deps/react-dom_client.js?v=f1ab6d3d:8525:20)
    at runWithFiberInDEV (http://localhost:3003/node_modules/.vite/deps/react-dom_client.js?v=f1ab6d3d:997:72)
    at performUnitOfWork (http://localhost:3003/node_modules/.vite/deps/react-dom_client.js?v=f1ab6d3d:12561:98)
    at workLoopSync (http://localhost:3003/node_modules/.vite/deps/react-dom_client.js?v=f1ab6d3d:12424:43)
    at renderRootSync (http://localhost:3003/node_modules/.vite/deps/react-dom_client.js?v=f1ab6d3d:12408:13)
    at performWorkOnRoot (http://localhost:3003/node_modules/.vite/deps/react-dom_client.js?v=f1ab6d3d:11827:37) The above error occurred in the <AppShell> component. React will try to recreate this component tree from scratch using the error boundary you provided, RenderErrorBoundary. @ http://localhost:3003/node_modules/.vite/deps/react-dom_client.js?v=f1ab6d3d:7000
[     738ms] [ERROR] React Router caught the following error during render TypeError: Cannot read properties of undefined (reading 'map')
    at AppShell (http://localhost:3003/src/shell/components/AppShell.tsx:54:146)
    at Object.react_stack_bottom_frame (http://localhost:3003/node_modules/.vite/deps/react-dom_client.js?v=f1ab6d3d:18509:20)
    at renderWithHooks (http://localhost:3003/node_modules/.vite/deps/react-dom_client.js?v=f1ab6d3d:5654:24)
    at updateFunctionComponent (http://localhost:3003/node_modules/.vite/deps/react-dom_client.js?v=f1ab6d3d:7475:21)
    at beginWork (http://localhost:3003/node_modules/.vite/deps/react-dom_client.js?v=f1ab6d3d:8525:20)
    at runWithFiberInDEV (http://localhost:3003/node_modules/.vite/deps/react-dom_client.js?v=f1ab6d3d:997:72)
    at performUnitOfWork (http://localhost:3003/node_modules/.vite/deps/react-dom_client.js?v=f1ab6d3d:12561:98)
    at workLoopSync (http://localhost:3003/node_modules/.vite/deps/react-dom_client.js?v=f1ab6d3d:12424:43)
    at renderRootSync (http://localhost:3003/node_modules/.vite/deps/react-dom_client.js?v=f1ab6d3d:12408:13)
    at performWorkOnRoot (http://localhost:3003/node_modules/.vite/deps/react-dom_client.js?v=f1ab6d3d:11827:37) @ http://localhost:3003/node_modules/.vite/deps/react-router-dom.js?v=f1ab6d3d:6075
