[  152444ms] [ERROR] Error handled by React Router default ErrorBoundary: ReferenceError: ParamName is not defined
    at http://localhost:3000/src/sections/research/components/Research.tsx?t=1773428168464:407:126
    at Array.map (<anonymous>)
    at ParameterTable (http://localhost:3000/src/sections/research/components/Research.tsx?t=1773428168464:401:56)
    at Object.react_stack_bottom_frame (http://localhost:3000/node_modules/.vite/deps/react-dom_client.js?v=0326b621:18509:20)
    at renderWithHooks (http://localhost:3000/node_modules/.vite/deps/react-dom_client.js?v=0326b621:5654:24)
    at updateFunctionComponent (http://localhost:3000/node_modules/.vite/deps/react-dom_client.js?v=0326b621:7475:21)
    at beginWork (http://localhost:3000/node_modules/.vite/deps/react-dom_client.js?v=0326b621:8525:20)
    at runWithFiberInDEV (http://localhost:3000/node_modules/.vite/deps/react-dom_client.js?v=0326b621:997:72)
    at performUnitOfWork (http://localhost:3000/node_modules/.vite/deps/react-dom_client.js?v=0326b621:12561:98)
    at workLoopSync (http://localhost:3000/node_modules/.vite/deps/react-dom_client.js?v=0326b621:12424:43) @ http://localhost:3000/node_modules/.vite/deps/react-router-dom.js?v=0326b621:6036
[  152445ms] [ERROR] Error handled by React Router default ErrorBoundary: ReferenceError: ParamName is not defined
    at http://localhost:3000/src/sections/research/components/Research.tsx?t=1773428168464:407:126
    at Array.map (<anonymous>)
    at ParameterTable (http://localhost:3000/src/sections/research/components/Research.tsx?t=1773428168464:401:56)
    at Object.react_stack_bottom_frame (http://localhost:3000/node_modules/.vite/deps/react-dom_client.js?v=0326b621:18509:20)
    at renderWithHooks (http://localhost:3000/node_modules/.vite/deps/react-dom_client.js?v=0326b621:5654:24)
    at updateFunctionComponent (http://localhost:3000/node_modules/.vite/deps/react-dom_client.js?v=0326b621:7475:21)
    at beginWork (http://localhost:3000/node_modules/.vite/deps/react-dom_client.js?v=0326b621:8525:20)
    at runWithFiberInDEV (http://localhost:3000/node_modules/.vite/deps/react-dom_client.js?v=0326b621:997:72)
    at performUnitOfWork (http://localhost:3000/node_modules/.vite/deps/react-dom_client.js?v=0326b621:12561:98)
    at workLoopSync (http://localhost:3000/node_modules/.vite/deps/react-dom_client.js?v=0326b621:12424:43) @ http://localhost:3000/node_modules/.vite/deps/react-router-dom.js?v=0326b621:6036
[  152455ms] [ERROR] Error handled by React Router default ErrorBoundary: ReferenceError: ParamName is not defined
    at http://localhost:3000/src/sections/research/components/Research.tsx?t=1773428168464:407:126
    at Array.map (<anonymous>)
    at ParameterTable (http://localhost:3000/src/sections/research/components/Research.tsx?t=1773428168464:401:56)
    at Object.react_stack_bottom_frame (http://localhost:3000/node_modules/.vite/deps/react-dom_client.js?v=0326b621:18509:20)
    at renderWithHooks (http://localhost:3000/node_modules/.vite/deps/react-dom_client.js?v=0326b621:5654:24)
    at updateFunctionComponent (http://localhost:3000/node_modules/.vite/deps/react-dom_client.js?v=0326b621:7475:21)
    at beginWork (http://localhost:3000/node_modules/.vite/deps/react-dom_client.js?v=0326b621:8525:20)
    at runWithFiberInDEV (http://localhost:3000/node_modules/.vite/deps/react-dom_client.js?v=0326b621:997:72)
    at performUnitOfWork (http://localhost:3000/node_modules/.vite/deps/react-dom_client.js?v=0326b621:12561:98)
    at workLoopSync (http://localhost:3000/node_modules/.vite/deps/react-dom_client.js?v=0326b621:12424:43) @ http://localhost:3000/node_modules/.vite/deps/react-router-dom.js?v=0326b621:6036
[  152456ms] [ERROR] Error handled by React Router default ErrorBoundary: ReferenceError: ParamName is not defined
    at http://localhost:3000/src/sections/research/components/Research.tsx?t=1773428168464:407:126
    at Array.map (<anonymous>)
    at ParameterTable (http://localhost:3000/src/sections/research/components/Research.tsx?t=1773428168464:401:56)
    at Object.react_stack_bottom_frame (http://localhost:3000/node_modules/.vite/deps/react-dom_client.js?v=0326b621:18509:20)
    at renderWithHooks (http://localhost:3000/node_modules/.vite/deps/react-dom_client.js?v=0326b621:5654:24)
    at updateFunctionComponent (http://localhost:3000/node_modules/.vite/deps/react-dom_client.js?v=0326b621:7475:21)
    at beginWork (http://localhost:3000/node_modules/.vite/deps/react-dom_client.js?v=0326b621:8525:20)
    at runWithFiberInDEV (http://localhost:3000/node_modules/.vite/deps/react-dom_client.js?v=0326b621:997:72)
    at performUnitOfWork (http://localhost:3000/node_modules/.vite/deps/react-dom_client.js?v=0326b621:12561:98)
    at workLoopSync (http://localhost:3000/node_modules/.vite/deps/react-dom_client.js?v=0326b621:12424:43) @ http://localhost:3000/node_modules/.vite/deps/react-router-dom.js?v=0326b621:6036
[  152458ms] [ERROR] %o

%s

%s
 ReferenceError: ParamName is not defined
    at http://localhost:3000/src/sections/research/components/Research.tsx?t=1773428168464:407:126
    at Array.map (<anonymous>)
    at ParameterTable (http://localhost:3000/src/sections/research/components/Research.tsx?t=1773428168464:401:56)
    at Object.react_stack_bottom_frame (http://localhost:3000/node_modules/.vite/deps/react-dom_client.js?v=0326b621:18509:20)
    at renderWithHooks (http://localhost:3000/node_modules/.vite/deps/react-dom_client.js?v=0326b621:5654:24)
    at updateFunctionComponent (http://localhost:3000/node_modules/.vite/deps/react-dom_client.js?v=0326b621:7475:21)
    at beginWork (http://localhost:3000/node_modules/.vite/deps/react-dom_client.js?v=0326b621:8525:20)
    at runWithFiberInDEV (http://localhost:3000/node_modules/.vite/deps/react-dom_client.js?v=0326b621:997:72)
    at performUnitOfWork (http://localhost:3000/node_modules/.vite/deps/react-dom_client.js?v=0326b621:12561:98)
    at workLoopSync (http://localhost:3000/node_modules/.vite/deps/react-dom_client.js?v=0326b621:12424:43) The above error occurred in the <ParameterTable> component. React will try to recreate this component tree from scratch using the error boundary you provided, RenderErrorBoundary. @ http://localhost:3000/node_modules/.vite/deps/react-dom_client.js?v=0326b621:7000
[  152458ms] [ERROR] React Router caught the following error during render ReferenceError: ParamName is not defined
    at http://localhost:3000/src/sections/research/components/Research.tsx?t=1773428168464:407:126
    at Array.map (<anonymous>)
    at ParameterTable (http://localhost:3000/src/sections/research/components/Research.tsx?t=1773428168464:401:56)
    at Object.react_stack_bottom_frame (http://localhost:3000/node_modules/.vite/deps/react-dom_client.js?v=0326b621:18509:20)
    at renderWithHooks (http://localhost:3000/node_modules/.vite/deps/react-dom_client.js?v=0326b621:5654:24)
    at updateFunctionComponent (http://localhost:3000/node_modules/.vite/deps/react-dom_client.js?v=0326b621:7475:21)
    at beginWork (http://localhost:3000/node_modules/.vite/deps/react-dom_client.js?v=0326b621:8525:20)
    at runWithFiberInDEV (http://localhost:3000/node_modules/.vite/deps/react-dom_client.js?v=0326b621:997:72)
    at performUnitOfWork (http://localhost:3000/node_modules/.vite/deps/react-dom_client.js?v=0326b621:12561:98)
    at workLoopSync (http://localhost:3000/node_modules/.vite/deps/react-dom_client.js?v=0326b621:12424:43) @ http://localhost:3000/node_modules/.vite/deps/react-router-dom.js?v=0326b621:6075
