This is pdfTeX, Version 3.141592653-2.6-1.40.27 (TeX Live 2026/dev/Arch Linux) (preloaded format=pdflatex 2026.2.9)  18 MAR 2026 08:39
entering extended mode
 restricted \write18 enabled.
 %&-line parsing enabled.
**main.tex
(./main.tex
LaTeX2e <2024-11-01> patch level 2
L3 programming layer <2025-01-18>
(/usr/share/texmf-dist/tex/latex/base/article.cls
Document Class: article 2024/06/29 v1.4n Standard LaTeX document class
(/usr/share/texmf-dist/tex/latex/base/size11.clo
File: size11.clo 2024/06/29 v1.4n Standard LaTeX file (size option)
)
\c@part=\count196
\c@section=\count197
\c@subsection=\count198
\c@subsubsection=\count199
\c@paragraph=\count266
\c@subparagraph=\count267
\c@figure=\count268
\c@table=\count269
\abovecaptionskip=\skip49
\belowcaptionskip=\skip50
\bibindent=\dimen141
) (./preamble.tex
(/usr/share/texmf-dist/tex/latex/amsmath/amsmath.sty
Package: amsmath 2024/11/05 v2.17t AMS math features
\@mathmargin=\skip51

For additional information on amsmath, use the `?' option.
(/usr/share/texmf-dist/tex/latex/amsmath/amstext.sty
Package: amstext 2021/08/26 v2.01 AMS text

(/usr/share/texmf-dist/tex/latex/amsmath/amsgen.sty
File: amsgen.sty 1999/11/30 v2.0 generic functions
\@emptytoks=\toks17
\ex@=\dimen142
))
(/usr/share/texmf-dist/tex/latex/amsmath/amsbsy.sty
Package: amsbsy 1999/11/29 v1.2d Bold Symbols
\pmbraise@=\dimen143
)
(/usr/share/texmf-dist/tex/latex/amsmath/amsopn.sty
Package: amsopn 2022/04/08 v2.04 operator names
)
\inf@bad=\count270
LaTeX Info: Redefining \frac on input line 233.
\uproot@=\count271
\leftroot@=\count272
LaTeX Info: Redefining \overline on input line 398.
LaTeX Info: Redefining \colon on input line 409.
\classnum@=\count273
\DOTSCASE@=\count274
LaTeX Info: Redefining \ldots on input line 495.
LaTeX Info: Redefining \dots on input line 498.
LaTeX Info: Redefining \cdots on input line 619.
\Mathstrutbox@=\box52
\strutbox@=\box53
LaTeX Info: Redefining \big on input line 721.
LaTeX Info: Redefining \Big on input line 722.
LaTeX Info: Redefining \bigg on input line 723.
LaTeX Info: Redefining \Bigg on input line 724.
\big@size=\dimen144
LaTeX Font Info:    Redeclaring font encoding OML on input line 742.
LaTeX Font Info:    Redeclaring font encoding OMS on input line 743.
\macc@depth=\count275
LaTeX Info: Redefining \bmod on input line 904.
LaTeX Info: Redefining \pmod on input line 909.
LaTeX Info: Redefining \smash on input line 939.
LaTeX Info: Redefining \relbar on input line 969.
LaTeX Info: Redefining \Relbar on input line 970.
\c@MaxMatrixCols=\count276
\dotsspace@=\muskip17
\c@parentequation=\count277
\dspbrk@lvl=\count278
\tag@help=\toks18
\row@=\count279
\column@=\count280
\maxfields@=\count281
\andhelp@=\toks19
\eqnshift@=\dimen145
\alignsep@=\dimen146
\tagshift@=\dimen147
\tagwidth@=\dimen148
\totwidth@=\dimen149
\lineht@=\dimen150
\@envbody=\toks20
\multlinegap=\skip52
\multlinetaggap=\skip53
\mathdisplay@stack=\toks21
LaTeX Info: Redefining \[ on input line 2953.
LaTeX Info: Redefining \] on input line 2954.
)
(/usr/share/texmf-dist/tex/latex/amsfonts/amssymb.sty
Package: amssymb 2013/01/14 v3.01 AMS font symbols

(/usr/share/texmf-dist/tex/latex/amsfonts/amsfonts.sty
Package: amsfonts 2013/01/14 v3.01 Basic AMSFonts support
\symAMSa=\mathgroup4
\symAMSb=\mathgroup5
LaTeX Font Info:    Redeclaring math symbol \hbar on input line 98.
LaTeX Font Info:    Overwriting math alphabet `\mathfrak' in version `bold'
(Font)                  U/euf/m/n --> U/euf/b/n on input line 106.
))
(/usr/share/texmf-dist/tex/latex/amscls/amsthm.sty
Package: amsthm 2020/05/29 v2.20.6
\thm@style=\toks22
\thm@bodyfont=\toks23
\thm@headfont=\toks24
\thm@notefont=\toks25
\thm@headpunct=\toks26
\thm@preskip=\skip54
\thm@postskip=\skip55
\thm@headsep=\skip56
\dth@everypar=\toks27
)
(/usr/share/texmf-dist/tex/latex/mathtools/mathtools.sty
Package: mathtools 2024/10/04 v1.31 mathematical typesetting tools

(/usr/share/texmf-dist/tex/latex/graphics/keyval.sty
Package: keyval 2022/05/29 v1.15 key=value parser (DPC)
\KV@toks@=\toks28
)
(/usr/share/texmf-dist/tex/latex/tools/calc.sty
Package: calc 2023/07/08 v4.3 Infix arithmetic (KKT,FJ)
\calc@Acount=\count282
\calc@Bcount=\count283
\calc@Adimen=\dimen151
\calc@Bdimen=\dimen152
\calc@Askip=\skip57
\calc@Bskip=\skip58
LaTeX Info: Redefining \setlength on input line 80.
LaTeX Info: Redefining \addtolength on input line 81.
\calc@Ccount=\count284
\calc@Cskip=\skip59
)
(/usr/share/texmf-dist/tex/latex/mathtools/mhsetup.sty
Package: mhsetup 2021/03/18 v1.4 programming setup (MH)
)
\g_MT_multlinerow_int=\count285
\l_MT_multwidth_dim=\dimen153
\origjot=\skip60
\l_MT_shortvdotswithinadjustabove_dim=\dimen154
\l_MT_shortvdotswithinadjustbelow_dim=\dimen155
\l_MT_above_intertext_sep=\dimen156
\l_MT_below_intertext_sep=\dimen157
\l_MT_above_shortintertext_sep=\dimen158
\l_MT_below_shortintertext_sep=\dimen159
\xmathstrut@box=\box54
\xmathstrut@dim=\dimen160
)
(/usr/share/texmf-dist/tex/latex/hyperref/hyperref.sty
Package: hyperref 2024-11-05 v7.01l Hypertext links for LaTeX

(/usr/share/texmf-dist/tex/generic/iftex/iftex.sty
Package: iftex 2024/12/12 v1.0g TeX engine tests
)
(/usr/share/texmf-dist/tex/latex/kvsetkeys/kvsetkeys.sty
Package: kvsetkeys 2022-10-05 v1.19 Key value parser (HO)
)
(/usr/share/texmf-dist/tex/generic/kvdefinekeys/kvdefinekeys.sty
Package: kvdefinekeys 2019-12-19 v1.6 Define keys (HO)
)
(/usr/share/texmf-dist/tex/generic/pdfescape/pdfescape.sty
Package: pdfescape 2019/12/09 v1.15 Implements pdfTeX's escape features (HO)

(/usr/share/texmf-dist/tex/generic/ltxcmds/ltxcmds.sty
Package: ltxcmds 2023-12-04 v1.26 LaTeX kernel commands for general use (HO)
)
(/usr/share/texmf-dist/tex/generic/pdftexcmds/pdftexcmds.sty
Package: pdftexcmds 2020-06-27 v0.33 Utility functions of pdfTeX for LuaTeX (HO
)

(/usr/share/texmf-dist/tex/generic/infwarerr/infwarerr.sty
Package: infwarerr 2019/12/03 v1.5 Providing info/warning/error messages (HO)
)
Package pdftexcmds Info: \pdf@primitive is available.
Package pdftexcmds Info: \pdf@ifprimitive is available.
Package pdftexcmds Info: \pdfdraftmode found.
))
(/usr/share/texmf-dist/tex/latex/hycolor/hycolor.sty
Package: hycolor 2020-01-27 v1.10 Color options for hyperref/bookmark (HO)
)
(/usr/share/texmf-dist/tex/latex/hyperref/nameref.sty
Package: nameref 2023-11-26 v2.56 Cross-referencing by name of section

(/usr/share/texmf-dist/tex/latex/refcount/refcount.sty
Package: refcount 2019/12/15 v3.6 Data extraction from label references (HO)
)
(/usr/share/texmf-dist/tex/generic/gettitlestring/gettitlestring.sty
Package: gettitlestring 2019/12/15 v1.6 Cleanup title references (HO)

(/usr/share/texmf-dist/tex/latex/kvoptions/kvoptions.sty
Package: kvoptions 2022-06-15 v3.15 Key value format for package options (HO)
))
\c@section@level=\count286
)
(/usr/share/texmf-dist/tex/latex/etoolbox/etoolbox.sty
Package: etoolbox 2025/02/11 v2.5l e-TeX tools for LaTeX (JAW)
\etb@tempcnta=\count287
)
(/usr/share/texmf-dist/tex/generic/stringenc/stringenc.sty
Package: stringenc 2019/11/29 v1.12 Convert strings between diff. encodings (HO
)
)
\@linkdim=\dimen161
\Hy@linkcounter=\count288
\Hy@pagecounter=\count289

(/usr/share/texmf-dist/tex/latex/hyperref/pd1enc.def
File: pd1enc.def 2024-11-05 v7.01l Hyperref: PDFDocEncoding definition (HO)
Now handling font encoding PD1 ...
... no UTF-8 mapping file for font encoding PD1
)
(/usr/share/texmf-dist/tex/generic/intcalc/intcalc.sty
Package: intcalc 2019/12/15 v1.3 Expandable calculations with integers (HO)
)
\Hy@SavedSpaceFactor=\count290

(/usr/share/texmf-dist/tex/latex/hyperref/puenc.def
File: puenc.def 2024-11-05 v7.01l Hyperref: PDF Unicode definition (HO)
Now handling font encoding PU ...
... no UTF-8 mapping file for font encoding PU
)
Package hyperref Info: Hyper figures OFF on input line 4157.
Package hyperref Info: Link nesting OFF on input line 4162.
Package hyperref Info: Hyper index ON on input line 4165.
Package hyperref Info: Plain pages OFF on input line 4172.
Package hyperref Info: Backreferencing OFF on input line 4177.
Package hyperref Info: Implicit mode ON; LaTeX internals redefined.
Package hyperref Info: Bookmarks ON on input line 4424.
\c@Hy@tempcnt=\count291

(/usr/share/texmf-dist/tex/latex/url/url.sty
\Urlmuskip=\muskip18
Package: url 2013/09/16  ver 3.4  Verb mode for urls, etc.
)
LaTeX Info: Redefining \url on input line 4763.
\XeTeXLinkMargin=\dimen162

(/usr/share/texmf-dist/tex/generic/bitset/bitset.sty
Package: bitset 2019/12/09 v1.3 Handle bit-vector datatype (HO)

(/usr/share/texmf-dist/tex/generic/bigintcalc/bigintcalc.sty
Package: bigintcalc 2019/12/15 v1.5 Expandable calculations on big integers (HO
)
))
\Fld@menulength=\count292
\Field@Width=\dimen163
\Fld@charsize=\dimen164
Package hyperref Info: Hyper figures OFF on input line 6042.
Package hyperref Info: Link nesting OFF on input line 6047.
Package hyperref Info: Hyper index ON on input line 6050.
Package hyperref Info: backreferencing OFF on input line 6057.
Package hyperref Info: Link coloring OFF on input line 6062.
Package hyperref Info: Link coloring with OCG OFF on input line 6067.
Package hyperref Info: PDF/A mode OFF on input line 6072.

(/usr/share/texmf-dist/tex/latex/base/atbegshi-ltx.sty
Package: atbegshi-ltx 2021/01/10 v1.0c Emulation of the original atbegshi
package with kernel methods
)
\Hy@abspage=\count293
\c@Item=\count294
\c@Hfootnote=\count295
)
Package hyperref Info: Driver (autodetected): hpdftex.

(/usr/share/texmf-dist/tex/latex/hyperref/hpdftex.def
File: hpdftex.def 2024-11-05 v7.01l Hyperref driver for pdfTeX

(/usr/share/texmf-dist/tex/latex/base/atveryend-ltx.sty
Package: atveryend-ltx 2020/08/19 v1.0a Emulation of the original atveryend pac
kage
with kernel methods
)
\Fld@listcount=\count296
\c@bookmark@seq@number=\count297

(/usr/share/texmf-dist/tex/latex/rerunfilecheck/rerunfilecheck.sty
Package: rerunfilecheck 2022-07-10 v1.10 Rerun checks for auxiliary files (HO)

(/usr/share/texmf-dist/tex/generic/uniquecounter/uniquecounter.sty
Package: uniquecounter 2019/12/15 v1.4 Provide unlimited unique counter (HO)
)
Package uniquecounter Info: New unique counter `rerunfilecheck' on input line 2
85.
)
\Hy@SectionHShift=\skip61
)
(/usr/share/texmf-dist/tex/latex/cleveref/cleveref.sty
Package: cleveref 2018/03/27 v0.21.4 Intelligent cross-referencing
Package cleveref Info: `hyperref' support loaded on input line 2370.
LaTeX Info: Redefining \cref on input line 2370.
LaTeX Info: Redefining \Cref on input line 2370.
LaTeX Info: Redefining \crefrange on input line 2370.
LaTeX Info: Redefining \Crefrange on input line 2370.
LaTeX Info: Redefining \cpageref on input line 2370.
LaTeX Info: Redefining \Cpageref on input line 2370.
LaTeX Info: Redefining \cpagerefrange on input line 2370.
LaTeX Info: Redefining \Cpagerefrange on input line 2370.
LaTeX Info: Redefining \labelcref on input line 2370.
LaTeX Info: Redefining \labelcpageref on input line 2370.
Package cleveref Info: `amsthm' support loaded on input line 3026.
)
(/usr/share/texmf-dist/tex/latex/booktabs/booktabs.sty
Package: booktabs 2020/01/12 v1.61803398 Publication quality tables
\heavyrulewidth=\dimen165
\lightrulewidth=\dimen166
\cmidrulewidth=\dimen167
\belowrulesep=\dimen168
\belowbottomsep=\dimen169
\aboverulesep=\dimen170
\abovetopsep=\dimen171
\cmidrulesep=\dimen172
\cmidrulekern=\dimen173
\defaultaddspace=\dimen174
\@cmidla=\count298
\@cmidlb=\count299
\@aboverulesep=\dimen175
\@belowrulesep=\dimen176
\@thisruleclass=\count300
\@lastruleclass=\count301
\@thisrulewidth=\dimen177
)
(/usr/share/texmf-dist/tex/latex/tools/longtable.sty
Package: longtable 2024-10-27 v4.22 Multi-page Table package (DPC)
\LTleft=\skip62
\LTright=\skip63
\LTpre=\skip64
\LTpost=\skip65
\LTchunksize=\count302
\LTcapwidth=\dimen178
\LT@head=\box55
\LT@firsthead=\box56
\LT@foot=\box57
\LT@lastfoot=\box58
\LT@gbox=\box59
\LT@cols=\count303
\LT@rows=\count304
\c@LT@tables=\count305
\c@LT@chunks=\count306
\LT@p@ftn=\toks29
)
(/usr/share/texmf-dist/tex/latex/enumitem/enumitem.sty
Package: enumitem 2025/02/06 v3.11 Customized lists
\labelindent=\skip66
\enit@outerparindent=\dimen179
\enit@toks=\toks30
\enit@inbox=\box60
\enit@count@id=\count307
\enitdp@description=\count308
)
\c@theorem=\count309
\c@invariant=\count310
)
(/usr/share/texmf-dist/tex/latex/l3backend/l3backend-pdftex.def
File: l3backend-pdftex.def 2024-05-08 L3 backend support: PDF output (pdfTeX)
\l__color_backend_stack_int=\count311
\l__pdf_internal_box=\box61
) (./main.aux)
\openout1 = `main.aux'.

LaTeX Font Info:    Checking defaults for OML/cmm/m/it on input line 13.
LaTeX Font Info:    ... okay on input line 13.
LaTeX Font Info:    Checking defaults for OMS/cmsy/m/n on input line 13.
LaTeX Font Info:    ... okay on input line 13.
LaTeX Font Info:    Checking defaults for OT1/cmr/m/n on input line 13.
LaTeX Font Info:    ... okay on input line 13.
LaTeX Font Info:    Checking defaults for T1/cmr/m/n on input line 13.
LaTeX Font Info:    ... okay on input line 13.
LaTeX Font Info:    Checking defaults for TS1/cmr/m/n on input line 13.
LaTeX Font Info:    ... okay on input line 13.
LaTeX Font Info:    Checking defaults for OMX/cmex/m/n on input line 13.
LaTeX Font Info:    ... okay on input line 13.
LaTeX Font Info:    Checking defaults for U/cmr/m/n on input line 13.
LaTeX Font Info:    ... okay on input line 13.
LaTeX Font Info:    Checking defaults for PD1/pdf/m/n on input line 13.
LaTeX Font Info:    ... okay on input line 13.
LaTeX Font Info:    Checking defaults for PU/pdf/m/n on input line 13.
LaTeX Font Info:    ... okay on input line 13.

(/usr/share/texmf-dist/tex/latex/graphics/graphicx.sty
Package: graphicx 2021/09/16 v1.2d Enhanced LaTeX Graphics (DPC,SPQR)

(/usr/share/texmf-dist/tex/latex/graphics/graphics.sty
Package: graphics 2024/08/06 v1.4g Standard LaTeX Graphics (DPC,SPQR)

(/usr/share/texmf-dist/tex/latex/graphics/trig.sty
Package: trig 2023/12/02 v1.11 sin cos tan (DPC)
)
(/usr/share/texmf-dist/tex/latex/graphics-cfg/graphics.cfg
File: graphics.cfg 2016/06/04 v1.11 sample graphics configuration
)
Package graphics Info: Driver file: pdftex.def on input line 106.

(/usr/share/texmf-dist/tex/latex/graphics-def/pdftex.def
File: pdftex.def 2024/04/13 v1.2c Graphics/color driver for pdftex

(/usr/share/texmf-dist/tex/context/base/mkii/supp-pdf.mkii
[Loading MPS to PDF converter (version 2006.09.02).]
\scratchcounter=\count312
\scratchdimen=\dimen180
\scratchbox=\box62
\nofMPsegments=\count313
\nofMParguments=\count314
\everyMPshowfont=\toks31
\MPscratchCnt=\count315
\MPscratchDim=\dimen181
\MPnumerator=\count316
\makeMPintoPDFobject=\count317
\everyMPtoPDFconversion=\toks32
))) (/usr/share/texmf-dist/tex/latex/epstopdf-pkg/epstopdf-base.sty
Package: epstopdf-base 2020-01-24 v2.11 Base part for package epstopdf
Package epstopdf-base Info: Redefining graphics rule for `.eps' on input line 4
85.

(/usr/share/texmf-dist/tex/latex/latexconfig/epstopdf-sys.cfg
File: epstopdf-sys.cfg 2010/07/13 v1.3 Configuration of (r)epstopdf for TeX Liv
e
))
\Gin@req@height=\dimen182
\Gin@req@width=\dimen183
)
Package hyperref Info: Link coloring OFF on input line 13.
 (./main.out)
(./main.out)
\@outlinefile=\write3
\openout3 = `main.out'.

LaTeX Font Info:    Trying to load font information for U+msa on input line 16.

 (/usr/share/texmf-dist/tex/latex/amsfonts/umsa.fd
File: umsa.fd 2013/01/14 v3.01 AMS symbols A
)
LaTeX Font Info:    Trying to load font information for U+msb on input line 16.


(/usr/share/texmf-dist/tex/latex/amsfonts/umsb.fd
File: umsb.fd 2013/01/14 v3.01 AMS symbols B
)
Overfull \hbox (25.88849pt too wide) in paragraph at lines 27--37
\OT1/cmr/m/n/10 es-tab-lishes an inverted-U re-la-tion-ship: for the pool we an
-a-lyzed (ETH/USDC
 []

(./main.toc

[1

{/var/lib/texmf/fonts/map/pdftex/updmap/pdftex.map}]

[2]

[3])
\tf@toc=\write4
\openout4 = `main.toc'.

 (./payoff.tex

Package hyperref Warning: Token not allowed in a PDF string (Unicode):
(hyperref)                removing `math shift' on input line 6.


Package hyperref Warning: Token not allowed in a PDF string (Unicode):
(hyperref)                removing `subscript' on input line 6.


Package hyperref Warning: Token not allowed in a PDF string (Unicode):
(hyperref)                removing `math shift' on input line 6.



[4]

Package hyperref Warning: Token not allowed in a PDF string (Unicode):
(hyperref)                removing `math shift' on input line 76.


Package hyperref Warning: Token not allowed in a PDF string (Unicode):
(hyperref)                removing `\Delta' on input line 76.


Package hyperref Warning: Token not allowed in a PDF string (Unicode):
(hyperref)                removing `superscript' on input line 76.


Package hyperref Warning: Token not allowed in a PDF string (Unicode):
(hyperref)                removing `math shift' on input line 76.



[5]
Overfull \hbox (46.36557pt too wide) in paragraph at lines 113--115
\OT1/cmr/m/n/10.95 The econo-met-ric iden-ti-fi-ca-tion (see com-pan-ion doc-u-
ment \OT1/cmtt/m/n/10.95 lp-insurance-demand.tex\OT1/cmr/m/n/10.95 )
 []


Overfull \hbox (11.40947pt too wide) in paragraph at lines 149--151
\OT1/cmr/m/n/10.95 high vol-ume. All LPs ben-e-fit from el-e-vated fee rev-enue
. $\OML/cmm/m/it/10.95 @P\OT1/cmr/m/n/10.95 ([])\OML/cmm/m/it/10.95 =@[] <
 []



[6]
Overfull \hbox (26.96255pt too wide) in paragraph at lines 151--155
\OT1/cmr/m/n/10.95 sive LPs' ef-fec-tive fee rate drops be-low their exit thres
h-old. $\OML/cmm/m/it/10.95 @P\OT1/cmr/m/n/10.95 ([])\OML/cmm/m/it/10.95 =@[] >

 []


Overfull \hbox (9.12708pt too wide) in paragraph at lines 184--188
[]\OT1/cmr/bx/n/10.95 Oracle-assisted frame-work. \OT1/cmr/m/n/10.95 The FCI ho
ok pro-vides $\OML/cmm/m/it/10.95 p[] \OT1/cmr/m/n/10.95 = ^^A[]\OML/cmm/m/it/1
0.95 =\OT1/cmr/m/n/10.95 (1 \OMS/cmsy/m/n/10.95 ^^@
 []



[7]
Overfull \hbox (11.47916pt too wide) in paragraph at lines 196--198
\OT1/cmr/m/n/10.95 The back-test com-pared seven can-di-date pay-off for-mu-las
 across the ETH/USDC
 []


Overfull \hbox (100.92346pt too wide) in paragraph at lines 200--212
 [] 
 []


Overfull \hbox (61.10902pt too wide) in paragraph at lines 216--217
\OT1/cmr/bx/n/10.95 Definition 3.1 \OT1/cmr/m/n/10.95 (Pow-er-Squared Exit Pay-
off)\OT1/cmr/bx/n/10.95 . \OT1/cmr/m/it/10.95 At po-si-tion exit (\OT1/cmtt/m/i
t/10.95 afterRemoveLiquidity\OT1/cmr/m/it/10.95 ),
 []



[8]
Overfull \hbox (3.17018pt too wide) in paragraph at lines 259--262
[]\OT1/cmr/bx/it/10.95 Underwriter (LP of in-
 []


Overfull \hbox (10.90192pt too wide) in paragraph at lines 263--265
[]\OT1/cmr/bx/it/10.95 PLP (Bor-rower): \OT1/cmr/m/it/10.95 Uniswap V4 LP who b
or-rows the in-sur-ance CFMM's
 []



[9]
Overfull \hbox (68.4419pt too wide) in paragraph at lines 319--331
 [] 
 []

) (./econometrics.tex

[10]

Package hyperref Warning: Difference (2) between bookmark levels is greater 
(hyperref)                than one, level fixed on input line 29.



[11]

Package hyperref Warning: Token not allowed in a PDF string (Unicode):
(hyperref)                removing `math shift' on input line 92.


Package hyperref Warning: Token not allowed in a PDF string (Unicode):
(hyperref)                removing `\Delta' on input line 92.


Package hyperref Warning: Token not allowed in a PDF string (Unicode):
(hyperref)                removing `subscript' on input line 92.


Package hyperref Warning: Token not allowed in a PDF string (Unicode):
(hyperref)                removing `math shift' on input line 92.



[12]
Overfull \hbox (0.62569pt too wide) in paragraph at lines 161--166
[]$\OML/cmm/m/it/10.95 N$ \OT1/cmr/m/n/10.95 sym-met-ric LPs in free-entry equi
-lib-rium: each earns $^^E[] = (1\OML/cmm/m/it/10.95 =N[]\OT1/cmr/m/n/10.95 )\O
ML/cmm/m/it/10.95 fB[]$\OT1/cmr/m/n/10.95 .
 []



[13]

[14]

Package hyperref Warning: Token not allowed in a PDF string (Unicode):
(hyperref)                removing `math shift' on input line 246.


Package hyperref Warning: Token not allowed in a PDF string (Unicode):
(hyperref)                removing `\eta' on input line 246.


Package hyperref Warning: Token not allowed in a PDF string (Unicode):
(hyperref)                removing `math shift' on input line 246.



[15]
Overfull \hbox (1.88493pt too wide) in paragraph at lines 320--322
[]\OT1/cmr/m/n/10.95 Q3 shows the pre-dicted Cap-poni & Zhu pat-tern. Q4 revers
es---motivating
 []



[16]

[17]
Overfull \hbox (0.22116pt too wide) in paragraph at lines 480--483
[]\OT1/cmr/bx/n/10.95 Result: PASS (inverted-U). \OT1/cmr/m/n/10.95 Q1--Q2 sta-
ble (17.8%), Q3 peak (20.6%),
 []



[18]
Overfull \hbox (28.96349pt too wide) in paragraph at lines 522--532
 [] 
 []



[19]

Package hyperref Warning: Token not allowed in a PDF string (Unicode):
(hyperref)                removing `math shift' on input line 588.


Package hyperref Warning: Token not allowed in a PDF string (Unicode):
(hyperref)                removing `math shift' on input line 588.


Underfull \hbox (badness 10000) in paragraph at lines 628--628
[]\OT1/cmr/m/n/10.95 Capponi & Zhu
 []


Underfull \hbox (badness 10000) in paragraph at lines 629--629
[]\OT1/cmr/m/n/10.95 Exit thresh-old:
 []


Underfull \hbox (badness 1062) in paragraph at lines 645--645
[]\OT1/cmr/m/n/10.95 Risk-neutral LP in-dif-
 []


Overfull \hbox (33.8858pt too wide) in paragraph at lines 624--650
 [] 
 []



[20]

[21]
Overfull \hbox (133.79861pt too wide) in paragraph at lines 689--699
 [] 
 []

LaTeX Font Info:    Trying to load font information for OMS+cmtt on input line 
707.
LaTeX Font Info:    No file OMScmtt.fd. on input line 707.

LaTeX Font Warning: Font shape `OMS/cmtt/m/n' undefined
(Font)              using `OMS/cmsy/m/n' instead
(Font)              for symbol `textbraceleft' on input line 707.


Overfull \hbox (34.37569pt too wide) in paragraph at lines 703--709
[]\OT1/cmr/bx/n/10.95 Pool: \OT1/cmr/m/n/10.95 ETH/USDC 30bps (\OT1/cmtt/m/n/10
.95 0x8ad599c3a0ff1de082011efddc58f1908eb6e6d8\OT1/cmr/m/n/10.95 ). 
 []


Overfull \hbox (137.54355pt too wide) in paragraph at lines 703--709
\OT1/cmr/m/n/10.95 pat-terns (frozen dat-a-classes, pure func-tions). Code in \
OT1/cmtt/m/n/10.95 econometrics/\OMS/cmtt/m/n/10.95 f\OT1/cmtt/m/n/10.95 types,
data,ingest,hazard\OMS/cmtt/m/n/10.95 g\OT1/cmtt/m/n/10.95 .py\OT1/cmr/m/n/10.9
5 .
 []



[22]) (./trading-function.tex

Package hyperref Warning: Token not allowed in a PDF string (Unicode):
(hyperref)                removing `math shift' on input line 32.


Package hyperref Warning: Token not allowed in a PDF string (Unicode):
(hyperref)                removing `superscript' on input line 32.


Package hyperref Warning: Token not allowed in a PDF string (Unicode):
(hyperref)                removing `math shift' on input line 32.



[23]
Overfull \hbox (72.91821pt too wide) in paragraph at lines 108--112
\OT1/cmr/m/it/10.95 pli-ca-tion (eq. \OT1/cmr/m/n/10.95 ([]34[])\OT1/cmr/m/it/1
0.95 ) plus one square root for $\OML/cmm/m/it/10.95 x \OT1/cmr/m/n/10.95 = []$
 \OT1/cmr/m/it/10.95 con-ver-sion (\OT1/cmtt/m/it/10.95 FixedPointMathLib.sqrt\
OT1/cmr/m/it/10.95 ).
 []



[24]) (./reserves.tex
Overfull \hbox (3.05885pt too wide) in paragraph at lines 50--52
\OT1/cmr/bx/n/10.95 Definition 7.3 \OT1/cmr/m/n/10.95 (Col-lat-eral Value)\OT1/
cmr/bx/n/10.95 . \OT1/cmr/m/it/10.95 At price $\OML/cmm/m/it/10.95 p$\OT1/cmr/m
/it/10.95 , the un-der-writer's real (USDC)
 []



[25]) (./borrow-rate.tex

[26]) (./funding-rate.tex

[27]
Overfull \hbox (7.40155pt too wide) in paragraph at lines 33--36
\OT1/cmr/m/n/10.95 Funding is ex-changed at each hook call-back (\OT1/cmtt/m/n/
10.95 afterSwap\OT1/cmr/m/n/10.95 , \OT1/cmtt/m/n/10.95 afterAddLiquidity\OT1/c
mr/m/n/10.95 ,
 []

! Double subscript.
l.40   \rfunding_
                 n = \alpha \cdot \frac{\pmark_n - \pindex_n}{\pindex_n + 1}
I treat `x_1_2' essentially like `x_1{}_2'.

! Double subscript.
<argument> \pmark _
                   n - \pindex _n
l.40 ...\frac{\pmark_n - \pindex_n}{\pindex_n + 1}
                                                  
I treat `x_1_2' essentially like `x_1{}_2'.

! Double subscript.
<argument> \pmark _n - \pindex _
                                n
l.40 ...\frac{\pmark_n - \pindex_n}{\pindex_n + 1}
                                                  
I treat `x_1_2' essentially like `x_1{}_2'.

! Double subscript.
<argument> \pindex _
                    n + 1
l.40 ...\frac{\pmark_n - \pindex_n}{\pindex_n + 1}
                                                  
I treat `x_1_2' essentially like `x_1{}_2'.


Overfull \hbox (5.46315pt too wide) in paragraph at lines 49--52
[]$\OML/cmm/m/it/10.95 p[] > p[]$ \OT1/cmr/m/it/10.95 (pro-tec-tion over-priced
):
 []

! Double subscript.
l.73   \rfunding_
                 n^{\text{adj}} = \rfunding_n + \lambda \cdot |\Delta\pindex|
I treat `x_1_2' essentially like `x_1{}_2'.

! Double subscript.
l.73   \rfunding_n^{\text{adj}} = \rfunding_
                                            n + \lambda \cdot |\Delta\pindex|
I treat `x_1_2' essentially like `x_1{}_2'.



[28]
! Double subscript.
l.104   g^{\text{funding}} \mathrel{+}= \rfunding_
                                                  n^{\text{adj}} \cdot \Delt...
I treat `x_1_2' essentially like `x_1{}_2'.

) (./initialization.tex

[29]
Overfull \hbox (5.25868pt too wide) in paragraph at lines 51--52
\OT1/cmr/bx/n/10.95 Proposition 10.3 \OT1/cmr/m/n/10.95 (In-vari-ant at Ini-tia
l-iza-tion)\OT1/cmr/bx/n/10.95 . \OT1/cmr/m/it/10.95 In all valid cases: $\OML/
cmm/m/it/10.95  \OT1/cmr/m/n/10.95 (\OML/cmm/m/it/10.95 u[]; y[]\OT1/cmr/m/n/10
.95 ) =
 []



[30]
Overfull \hbox (43.7555pt too wide) in paragraph at lines 80--82
[]\OT1/cmr/m/it/10.95 Compute $[][] \OT1/cmr/m/n/10.95 = \OML/cmm/m/it/10.95 ^^
M \OMS/cmtt/m/n/10.95 ^^B [][] \OT1/cmr/m/n/10.95 + [][] + [][]$\OT1/cmr/m/it/1
0.95 . 
 []


Overfull \hbox (40.16635pt too wide) in paragraph at lines 93--97
[][] \OML/cmm/m/it/10.95 p[]\OT1/cmr/m/n/10.95 (\OML/cmm/m/it/10.95 t\OT1/cmr/m
/n/10.95 )$\OT1/cmr/m/it/10.95 . Up-dated at ev-ery hook call-back: $\OML/cmm/m
/it/10.95 p[] \OMS/cmtt/m/n/10.95   []\OT1/cmr/m/n/10.95 (\OML/cmm/m/it/10.95 p
[]; p[]\OT1/cmr/m/n/10.95 )$\OT1/cmr/m/it/10.95 .
 []

) (./invariants.tex
Overfull \hbox (1.44173pt too wide) in paragraph at lines 10--11
[]\OT1/cmr/m/n/10.95 CFMM-20 through CFMM-25: Repli-ca-tion in-vari-ants (pay-o
ff, re-serves,
 []



[31]

[32]

[33]
Overfull \hbox (71.0487pt too wide) in paragraph at lines 163--166
\OT1/cmr/m/n/10.95 The $\OML/cmm/m/it/10.95 u \OMS/cmtt/m/n/10.95 $ \OML/cmm/m/
it/10.95 x$ \OT1/cmr/m/n/10.95 map-ping is a bi-jec-tion on the non-negative re
-als. One \OT1/cmtt/m/n/10.95 FixedPointMathLib.sqrt
 []



[34]

[35]
! Double subscript.
l.286   |\rfunding_
                   n| \leq \alpha + \lambda \cdot |\Delta\pindex|_{\max}
I treat `x_1_2' essentially like `x_1{}_2'.


Overfull \hbox (8.67227pt too wide) in paragraph at lines 305--305
[]\OT1/cmr/bx/n/12 Fee Con-cen-tra-tion State In-vari-ants (FCI-01 through FCI-

 []



[36]

[37]
Overfull \hbox (2.77498pt too wide) in paragraph at lines 419--419
[]\OT1/cmr/bx/n/12 FCI Per-pet-ual Fund-ing In-vari-ants (FCI-12 through FCI-
 []


Overfull \hbox (65.84831pt too wide) detected at line 430
\OMS/cmtt/m/n/10.95 fj\OML/cmm/m/it/10.95 p[] \OMS/cmtt/m/n/10.95 ^^@ \OML/cmm/
m/it/10.95 p[]\OMS/cmtt/m/n/10.95 j \OML/cmm/m/it/10.95 > ^^N\OMS/cmtt/m/n/10.9
5 g  [][]!  []\OT1/cmr/m/n/10.95 ([])  [][]\OMS/cmtt/m/n/10.95 !  fj\OML/cmm/m/
it/10.95 p[] \OMS/cmtt/m/n/10.95 ^^@ \OML/cmm/m/it/10.95 p[]\OMS/cmtt/m/n/10.95
 j \OML/cmm/m/it/10.95 < \OMS/cmtt/m/n/10.95 j\OML/cmm/m/it/10.95 p[] \OMS/cmtt
/m/n/10.95 ^^@ \OML/cmm/m/it/10.95 p[]\OMS/cmtt/m/n/10.95 jg
 []



[38]
! Double subscript.
l.480   \Ua_
            1 < \Ua_2 \;\longrightarrow\; \rborrow(\Ua_1) \leq \rborrow(\Ua_2)
I treat `x_1_2' essentially like `x_1{}_2'.

! Double subscript.
l.480   \Ua_1 < \Ua_
                    2 \;\longrightarrow\; \rborrow(\Ua_1) \leq \rborrow(\Ua_2)
I treat `x_1_2' essentially like `x_1{}_2'.

! Double subscript.
l.480 ...< \Ua_2 \;\longrightarrow\; \rborrow(\Ua_
                                                  1) \leq \rborrow(\Ua_2)
I treat `x_1_2' essentially like `x_1{}_2'.

! Double subscript.
l.480 ...rrow\; \rborrow(\Ua_1) \leq \rborrow(\Ua_
                                                  2)
I treat `x_1_2' essentially like `x_1{}_2'.


Overfull \hbox (4.23888pt too wide) in paragraph at lines 481--485
\OT1/cmr/m/n/10.95 higher cost, in-cen-tiviz-ing new un-der-writer de-posits or
 PLP exit (the-o-rem []8.2[]). 
 []



[39]
Overfull \hbox (23.70203pt too wide) detected at line 553
\OMS/cmtt/m/n/10.95 f[][]g  [][]!  f\OML/cmm/m/it/10.95 L[] \OT1/cmr/m/n/10.95 
= \OML/cmm/m/it/10.95 L[] \OMS/cmtt/m/n/10.95 ^^@ \OML/cmm/m/it/10.95 L[]\OMS/c
mtt/m/n/10.95 g  ^  f[][] \OT1/cmr/m/n/10.95 = []([][] \OMS/cmtt/m/n/10.95 ^^@ 
[][]\OML/cmm/m/it/10.95 ; \OT1/cmr/m/n/10.95 0)\OMS/cmtt/m/n/10.95 g
 []

) (./main.bbl

[40])

[41] (./main.aux)
 ***********
LaTeX2e <2024-11-01> patch level 2
L3 programming layer <2025-01-18>
 ***********


LaTeX Font Warning: Some font shapes were not available, defaults substituted.

Package rerunfilecheck Info: File `main.out' has not changed.
(rerunfilecheck)             Checksum: DBB63CBBFB316B133F07AA69923899D1;20564.
 ) 
Here is how much of TeX's memory you used:
 13428 strings out of 475171
 217888 string characters out of 5767096
 619201 words of memory out of 5000000
 35895 multiletter control sequences out of 15000+600000
 573786 words of font info for 94 fonts, out of 8000000 for 9000
 14 hyphenation exceptions out of 8191
 80i,13n,82p,472b,700s stack positions out of 10000i,1000n,20000p,200000b,200000s
 </home/jmsbpp/.texlive/texmf-var/fonts/pk/ljfour/jknappen/ec/tcrm1095.600pk>
</usr/share/texmf-dist/fonts/type1/public/amsfonts/cm/cmbx10.pfb></usr/share/te
xmf-dist/fonts/type1/public/amsfonts/cm/cmbx12.pfb></usr/share/texmf-dist/fonts
/type1/public/amsfonts/cm/cmbxti10.pfb></usr/share/texmf-dist/fonts/type1/publi
c/amsfonts/cm/cmex10.pfb></usr/share/texmf-dist/fonts/type1/public/amsfonts/cm/
cmitt10.pfb></usr/share/texmf-dist/fonts/type1/public/amsfonts/cm/cmmi10.pfb></
usr/share/texmf-dist/fonts/type1/public/amsfonts/cm/cmmi12.pfb></usr/share/texm
f-dist/fonts/type1/public/amsfonts/cm/cmmi6.pfb></usr/share/texmf-dist/fonts/ty
pe1/public/amsfonts/cm/cmmi7.pfb></usr/share/texmf-dist/fonts/type1/public/amsf
onts/cm/cmmi8.pfb></usr/share/texmf-dist/fonts/type1/public/amsfonts/cm/cmr10.p
fb></usr/share/texmf-dist/fonts/type1/public/amsfonts/cm/cmr12.pfb></usr/share/
texmf-dist/fonts/type1/public/amsfonts/cm/cmr17.pfb></usr/share/texmf-dist/font
s/type1/public/amsfonts/cm/cmr6.pfb></usr/share/texmf-dist/fonts/type1/public/a
msfonts/cm/cmr7.pfb></usr/share/texmf-dist/fonts/type1/public/amsfonts/cm/cmr8.
pfb></usr/share/texmf-dist/fonts/type1/public/amsfonts/cm/cmr9.pfb></usr/share/
texmf-dist/fonts/type1/public/amsfonts/cm/cmsy10.pfb></usr/share/texmf-dist/fon
ts/type1/public/amsfonts/cm/cmsy6.pfb></usr/share/texmf-dist/fonts/type1/public
/amsfonts/cm/cmsy7.pfb></usr/share/texmf-dist/fonts/type1/public/amsfonts/cm/cm
sy8.pfb></usr/share/texmf-dist/fonts/type1/public/amsfonts/cm/cmti10.pfb></usr/
share/texmf-dist/fonts/type1/public/amsfonts/cm/cmti8.pfb></usr/share/texmf-dis
t/fonts/type1/public/amsfonts/cm/cmtt10.pfb></usr/share/texmf-dist/fonts/type1/
public/amsfonts/symbols/msam10.pfb></usr/share/texmf-dist/fonts/type1/public/am
sfonts/symbols/msbm10.pfb>
Output written on main.pdf (41 pages, 468839 bytes).
PDF statistics:
 1172 PDF objects out of 1200 (max. 8388607)
 1064 compressed objects within 11 object streams
 349 named destinations out of 1000 (max. 500000)
 801 words of extra memory for PDF output out of 10000 (max. 10000000)

